<?xml version="1.0" encoding="UTF-8"?>
<testsuite xmlns:xsi="http://www.w3.org/2001/XMLSchema-instance" xsi:noNamespaceSchemaLocation="https://maven.apache.org/surefire/maven-surefire-plugin/xsd/surefire-test-report.xsd" name="edu.brandeis.cosi103a.ip2.AppTest" time="0.025" tests="39" errors="0" skipped="0" failures="0">
  <properties>
[...]
</properties>
  <testcase name="testCompletePlayerTurn" classname="edu.brandeis.cosi103a.ip2.AppTest" time="0.004"/>
  <testcase name="testMultipleCryptocurrencyCards" classname="edu.brandeis.cosi103a.ip2.AppTest" time="0"/>
  <testcase name="testCoinCalculationFromMultipleCards" classname="edu.brandeis.cosi103a.ip2.AppTest" time="0"/>
  <testcase name="testCardsRemainingAccurate" classname="edu.brandeis.cosi103a.ip2.AppTest" time="0"/>
  <testcase name="testPlayCard" classname="edu.brandeis.cosi103a.ip2.AppTest" time="0"/>
  <testcase name="testCardSupplyInitialization" classname="edu.brandeis.cosi103a.ip2.AppTest" time="0.001"/>
  <testcase name="testGameStateCreation" classname="edu.brandeis.cosi103a.ip2.AppTest" time="0"/>
  <testcase name="testAddBuys" classname="edu.brandeis.cosi103a.ip2.AppTest" time="0"/>
  <testcase name="testGetCardFromSupply" classname="edu.brandeis.cosi103a.ip2.AppTest" time="0"/>
  <testcase name="testTurnCreation" classname="edu.brandeis.cosi103a.ip2.AppTest" time="0"/>
  <testcase name="testGameWinCondition" classname="edu.brandeis.cosi103a.ip2.AppTest" time="0"/>
  <testcase name="testCalculateAutomationPointsInDeck" classname="edu.brandeis.cosi103a.ip2.AppTest" time="0.001"/>
  <testcase name="testCalculateAutomationPointsInHand" classname="edu.brandeis.cosi103a.ip2.AppTest" time="0"/>
  <testcase name="testDiscardCard" classname="edu.brandeis.cosi103a.ip2.AppTest" time="0"/>
  <testcase name="testCryptocurrencyCardPlay" classname="edu.brandeis.cosi103a.ip2.AppTest" time="0"/>
  <testcase name="testGetNonexistentCard" classname="edu.brandeis.cosi103a.ip2.AppTest" time="0"/>
  <testcase name="testAddCoins" classname="edu.brandeis.cosi103a.ip2.AppTest" time="0"/>
  <testcase name="testBuyCard" classname="edu.brandeis.cosi103a.ip2.AppTest" time="0"/>
  <testcase name="testDrawCard" classname="edu.brandeis.cosi103a.ip2.AppTest" time="0.001"/>
  <testcase name="testGameInitialization" classname="edu.brandeis.cosi103a.ip2.AppTest" time="0"/>
  <testcase name="testAddActions" classname="edu.brandeis.cosi103a.ip2.AppTest" time="0"/>
  <testcase name="testPeekCardFromSupply" classname="edu.brandeis.cosi103a.ip2.AppTest" time="0.002"/>
  <testcase name="testReshuffleDiscardIntoDeck" classname="edu.brandeis.cosi103a.ip2.AppTest" time="0"/>
  <testcase name="testMultiplePlayersInitialized" classname="edu.brandeis.cosi103a.ip2.AppTest" time="0"/>
  <testcase name="testTurnDrawsCards" classname="edu.brandeis.cosi103a.ip2.AppTest" time="0.001"/>
  <testcase name="testPlayerNameUniqueness" classname="edu.brandeis.cosi103a.ip2.AppTest" time="0"/>
  <testcase name="testCalculateAutomationPointsInDiscard" classname="edu.brandeis.cosi103a.ip2.AppTest" time="0"/>
  <testcase name="testAutomationCardCreation" classname="edu.brandeis.cosi103a.ip2.AppTest" time="0"/>
  <testcase name="testCalculateAutomationPointsCombined" classname="edu.brandeis.cosi103a.ip2.AppTest" time="0"/>
  <testcase name="testPlayerCreation" classname="edu.brandeis.cosi103a.ip2.AppTest" time="0"/>
  <testcase name="testDrawCardWithEmptyDeck" classname="edu.brandeis.cosi103a.ip2.AppTest" time="0"/>
  <testcase name="testCardTypesInSupply" classname="edu.brandeis.cosi103a.ip2.AppTest" time="0"/>
  <testcase name="testPlayerAcquiresCards" classname="edu.brandeis.cosi103a.ip2.AppTest" time="0"/>
  <testcase name="testCryptocurrencyCardCreation" classname="edu.brandeis.cosi103a.ip2.AppTest" time="0"/>
  <testcase name="testDeckShuffleRandomness" classname="edu.brandeis.cosi103a.ip2.AppTest" time="0"/>
  <testcase name="testCalculateAutomationPointsEmpty" classname="edu.brandeis.cosi103a.ip2.AppTest" time="0"/>
  <testcase name="testStarterDeckComposition" classname="edu.brandeis.cosi103a.ip2.AppTest" time="0"/>
  <testcase name="testCardAffordabilityChecking" classname="edu.brandeis.cosi103a.ip2.AppTest" time="0"/>
  <testcase name="testDrawMultipleCards" classname="edu.brandeis.cosi103a.ip2.AppTest" time="0"/>
</testsuite>